<?xml version="1.0" encoding="UTF-8"?>
<testsuite name="com.db.dataplatform.techtest.persistence.model.DataHeaderEntityTests" tests="1" skipped="0" failures="0" errors="0" timestamp="2023-11-27T11:35:14" hostname="Vineeths-MBP.broadband" time="0.003">
  <properties/>
  <testcase name="assignDataHeaderEntityFieldsShouldWorkAsExpected" classname="com.db.dataplatform.techtest.persistence.model.DataHeaderEntityTests" time="0.003"/>
  <system-out><![CDATA[]]></system-out>
  <system-err><![CDATA[]]></system-err>
</testsuite>
