<?xml version="1.0" encoding="UTF-8"?>
<testsuite name="com.db.dataplatform.techtest.service.DataBodyServiceTests" tests="1" skipped="0" failures="0" errors="0" timestamp="2023-11-27T11:35:15" hostname="Vineeths-MBP.broadband" time="0.038">
  <properties/>
  <testcase name="shouldSaveDataBodyEntityAsExpected" classname="com.db.dataplatform.techtest.service.DataBodyServiceTests" time="0.038"/>
  <system-out><![CDATA[]]></system-out>
  <system-err><![CDATA[]]></system-err>
</testsuite>
