<?xml version="1.0" encoding="UTF-8"?>
<testsuite name="com.db.dataplatform.techtest.persistence.model.DataBodyEntityTests" tests="2" skipped="0" failures="0" errors="0" timestamp="2023-11-27T11:35:14" hostname="Vineeths-MBP.broadband" time="0.358">
  <properties/>
  <testcase name="assignDataBodyEntityFieldsShouldWorkAsExpected" classname="com.db.dataplatform.techtest.persistence.model.DataBodyEntityTests" time="0.328"/>
  <testcase name="checkTwoDataBodiesAreEqualAsExpected" classname="com.db.dataplatform.techtest.persistence.model.DataBodyEntityTests" time="0.03"/>
  <system-out><![CDATA[]]></system-out>
  <system-err><![CDATA[]]></system-err>
</testsuite>
